current directory: C:/Users/sonav/OneDrive/Desktop/resume-template-gh-pages/resume-template-gh-pages/_vendor/bundle/ruby/3.3.0/gems/wdm-0.2.0/ext/wdm
C:/Ruby33/bin/ruby.exe extconf.rb
checking for -lkernel32... yes
checking for windows.h... yes
creating Makefile

current directory: C:/Users/sonav/OneDrive/Desktop/resume-template-gh-pages/resume-template-gh-pages/_vendor/bundle/ruby/3.3.0/gems/wdm-0.2.0/ext/wdm
make DESTDIR\= sitearchdir\=./.gem.20240816-11108-1rivsj sitelibdir\=./.gem.20240816-11108-1rivsj clean

current directory: C:/Users/sonav/OneDrive/Desktop/resume-template-gh-pages/resume-template-gh-pages/_vendor/bundle/ruby/3.3.0/gems/wdm-0.2.0/ext/wdm
make DESTDIR\= sitearchdir\=./.gem.20240816-11108-1rivsj sitelibdir\=./.gem.20240816-11108-1rivsj
generating wdm_ext-i386-mingw32.def
compiling entry.c
compiling memory.c
compiling monitor.c
compiling queue.c
compiling rb_change.c
compiling rb_monitor.c
compiling utils.c
compiling wdm.c
linking shared-object wdm_ext.so

current directory: C:/Users/sonav/OneDrive/Desktop/resume-template-gh-pages/resume-template-gh-pages/_vendor/bundle/ruby/3.3.0/gems/wdm-0.2.0/ext/wdm
make DESTDIR\= sitearchdir\=./.gem.20240816-11108-1rivsj sitelibdir\=./.gem.20240816-11108-1rivsj install
/usr/bin/install -c -m 0755 wdm_ext.so ./.gem.20240816-11108-1rivsj

current directory: C:/Users/sonav/OneDrive/Desktop/resume-template-gh-pages/resume-template-gh-pages/_vendor/bundle/ruby/3.3.0/gems/wdm-0.2.0/ext/wdm
make DESTDIR\= sitearchdir\=./.gem.20240816-11108-1rivsj sitelibdir\=./.gem.20240816-11108-1rivsj clean
